Sat Mar 29 12:59:29 UTC 2025
Sun Mar 30 13:02:50 UTC 2025
Mon Mar 31 13:34:50 UTC 2025
Tue Apr  1 13:36:17 UTC 2025
Wed Apr  2 13:34:28 UTC 2025
Thu Apr  3 13:33:41 UTC 2025
Fri Apr  4 13:17:52 UTC 2025
Sat Apr  5 13:02:20 UTC 2025
Sun Apr  6 13:02:35 UTC 2025
Mon Apr  7 13:35:53 UTC 2025
Tue Apr  8 13:35:13 UTC 2025
Wed Apr  9 13:37:35 UTC 2025
Thu Apr 10 13:35:22 UTC 2025
Fri Apr 11 13:18:24 UTC 2025
Sat Apr 12 13:02:27 UTC 2025
Sun Apr 13 13:03:54 UTC 2025
Mon Apr 14 13:36:29 UTC 2025
Tue Apr 15 13:36:25 UTC 2025
Wed Apr 16 13:35:19 UTC 2025
Thu Apr 17 13:33:59 UTC 2025
Fri Apr 18 13:15:36 UTC 2025
Sat Apr 19 13:02:50 UTC 2025
Sun Apr 20 13:14:07 UTC 2025
Mon Apr 21 13:17:39 UTC 2025
Tue Apr 22 13:35:06 UTC 2025
Wed Apr 23 13:36:08 UTC 2025
Thu Apr 24 13:36:41 UTC 2025
Fri Apr 25 13:33:37 UTC 2025
Sat Apr 26 13:04:10 UTC 2025
Sun Apr 27 13:04:49 UTC 2025
Mon Apr 28 13:50:20 UTC 2025
Tue Apr 29 12:44:08 UTC 2025
Wed Apr 30 12:40:42 UTC 2025
Thu May  1 12:40:07 UTC 2025
Fri May  2 12:40:22 UTC 2025
Sat May  3 12:37:55 UTC 2025
Sun May  4 12:38:12 UTC 2025
Mon May  5 12:41:54 UTC 2025
Tue May  6 12:43:53 UTC 2025
